<?xml version="1.0" encoding="UTF-8"?>
<!-- Generated by org.testng.reporters.JUnitReportReporter -->
<testsuite hostname="DESKTOP-KFF6RM1" failures="0" tests="4" name="ujian.ujiankelima.appium.runner.TestBMI" time="28.113" errors="0" timestamp="2022-09-24T14:32:05 ICT" skipped="0">
  <testcase classname="ujian.ujiankelima.appium.runner.TestBMI" name="testDataMale" time="10.851"/>
  <system-out/>
  <testcase classname="ujian.ujiankelima.appium.runner.TestBMI" name="testDataFemale" time="11.838"/>
  <system-out/>
  <testcase classname="ujian.ujiankelima.appium.runner.TestBMI" name="testRateRate" time="4.331"/>
  <system-out/>
  <testcase classname="ujian.ujiankelima.appium.runner.TestBMI" name="testSetting" time="1.093"/>
  <system-out/>
</testsuite> <!-- ujian.ujiankelima.appium.runner.TestBMI -->
