<?xml version="1.0" encoding="UTF-8"?>
<!-- Generated by org.testng.reporters.JUnitReportReporter -->
<testsuite hostname="DESKTOP-KFF6RM1" failures="0" tests="4" name="ujian.ujiankelima.appium.runner.TestBMI" time="29.471" errors="0" timestamp="2022-09-25T10:22:36 ICT" skipped="0">
  <testcase classname="ujian.ujiankelima.appium.runner.TestBMI" name="testDataMale" time="11.685"/>
  <system-out/>
  <testcase classname="ujian.ujiankelima.appium.runner.TestBMI" name="testDataFemale" time="12.136"/>
  <system-out/>
  <testcase classname="ujian.ujiankelima.appium.runner.TestBMI" name="testRateRate" time="4.524"/>
  <system-out/>
  <testcase classname="ujian.ujiankelima.appium.runner.TestBMI" name="testSetting" time="1.126"/>
  <system-out/>
</testsuite> <!-- ujian.ujiankelima.appium.runner.TestBMI -->
